This file contains any messages produced by compilers while
running configure, to aid debugging if configure makes a mistake.

It was created by libgc-mono configure 6.6, which was
generated by GNU Autoconf 2.65.  Invocation command line was

  $ ./configure --disable-option-checking --prefix=/usr/local --disable-embed-check --with-libgc-threads=pthreads --enable-parallel-mark CPPFLAGS_FOR_LIBGC= -DGC_LINUX_THREADS -D_GNU_SOURCE -D_REENTRANT -DUSE_MMAP -DUSE_MUNMAP -D_FILE_OFFSET_BITS=64 -DUSE_COMPILER_TLS CFLAGS_FOR_LIBGC= -g -mno-tls-direct-seg-refs --cache-file=/dev/null --srcdir=.

## --------- ##
## Platform. ##
## --------- ##

hostname = andrea
uname -m = i686
uname -r = 2.6.32-21-generic
uname -s = Linux
uname -v = #32-Ubuntu SMP Fri Apr 16 08:10:02 UTC 2010

/usr/bin/uname -p = unknown
/bin/uname -X     = unknown

/bin/arch              = unknown
/usr/bin/arch -k       = unknown
/usr/convex/getsysinfo = unknown
/usr/bin/hostinfo      = unknown
/bin/machine           = unknown
/usr/bin/oslevel       = unknown
/bin/universe          = unknown

PATH: /usr/local/sbin
PATH: /usr/local/bin
PATH: /usr/sbin
PATH: /usr/bin
PATH: /sbin
PATH: /bin
PATH: /usr/games


## ----------- ##
## Core tests. ##
## ----------- ##

configure:2533: checking for a BSD-compatible install
configure:2601: result: /usr/bin/install -c
configure:2612: checking whether build environment is sane
configure:2662: result: yes
configure:2803: checking for a thread-safe mkdir -p
configure:2842: result: /bin/mkdir -p
configure:2855: checking for gawk
configure:2871: found /usr/bin/gawk
configure:2882: result: gawk
configure:2893: checking whether make sets $(MAKE)
configure:2915: result: yes
configure:2992: checking build system type
configure:3006: result: i686-pc-linux-gnu
configure:3026: checking host system type
configure:3039: result: i686-pc-linux-gnu
configure:3111: checking for gcc
configure:3127: found /usr/bin/gcc
configure:3138: result: gcc
configure:3367: checking for C compiler version
configure:3376: gcc --version >&5
gcc (Ubuntu 4.4.3-4ubuntu5) 4.4.3
Copyright (C) 2009 Free Software Foundation, Inc.
This is free software; see the source for copying conditions.  There is NO
warranty; not even for MERCHANTABILITY or FITNESS FOR A PARTICULAR PURPOSE.

configure:3387: $? = 0
configure:3376: gcc -v >&5
Using built-in specs.
Target: i486-linux-gnu
Configured with: ../src/configure -v --with-pkgversion='Ubuntu 4.4.3-4ubuntu5' --with-bugurl=file:///usr/share/doc/gcc-4.4/README.Bugs --enable-languages=c,c++,fortran,objc,obj-c++ --prefix=/usr --enable-shared --enable-multiarch --enable-linker-build-id --with-system-zlib --libexecdir=/usr/lib --without-included-gettext --enable-threads=posix --with-gxx-include-dir=/usr/include/c++/4.4 --program-suffix=-4.4 --enable-nls --enable-clocale=gnu --enable-libstdcxx-debug --enable-plugin --enable-objc-gc --enable-targets=all --disable-werror --with-arch-32=i486 --with-tune=generic --enable-checking=release --build=i486-linux-gnu --host=i486-linux-gnu --target=i486-linux-gnu
Thread model: posix
gcc version 4.4.3 (Ubuntu 4.4.3-4ubuntu5) 
configure:3387: $? = 0
configure:3376: gcc -V >&5
gcc: '-V' option must have argument
configure:3387: $? = 1
configure:3376: gcc -qversion >&5
gcc: unrecognized option '-qversion'
gcc: no input files
configure:3387: $? = 1
configure:3407: checking whether the C compiler works
configure:3429: gcc    conftest.c  >&5
configure:3433: $? = 0
configure:3482: result: yes
configure:3485: checking for C compiler default output file name
configure:3487: result: a.out
configure:3493: checking for suffix of executables
configure:3500: gcc -o conftest    conftest.c  >&5
configure:3504: $? = 0
configure:3526: result: 
configure:3548: checking whether we are cross compiling
configure:3556: gcc -o conftest    conftest.c  >&5
configure:3560: $? = 0
configure:3567: ./conftest
configure:3571: $? = 0
configure:3586: result: no
configure:3591: checking for suffix of object files
configure:3613: gcc -c   conftest.c >&5
configure:3617: $? = 0
configure:3638: result: o
configure:3642: checking whether we are using the GNU C compiler
configure:3661: gcc -c   conftest.c >&5
configure:3661: $? = 0
configure:3670: result: yes
configure:3679: checking whether gcc accepts -g
configure:3699: gcc -c -g  conftest.c >&5
configure:3699: $? = 0
configure:3740: result: yes
configure:3757: checking for gcc option to accept ISO C89
configure:3821: gcc  -c -g -O2  conftest.c >&5
configure:3821: $? = 0
configure:3834: result: none needed
configure:3865: checking for style of include used by make
configure:3893: result: GNU
configure:3918: checking dependency style of gcc
configure:4028: result: gcc3
configure:4101: checking for g++
configure:4117: found /usr/bin/g++
configure:4128: result: g++
configure:4155: checking for C++ compiler version
configure:4164: g++ --version >&5
g++ (Ubuntu 4.4.3-4ubuntu5) 4.4.3
Copyright (C) 2009 Free Software Foundation, Inc.
This is free software; see the source for copying conditions.  There is NO
warranty; not even for MERCHANTABILITY or FITNESS FOR A PARTICULAR PURPOSE.

configure:4175: $? = 0
configure:4164: g++ -v >&5
Using built-in specs.
Target: i486-linux-gnu
Configured with: ../src/configure -v --with-pkgversion='Ubuntu 4.4.3-4ubuntu5' --with-bugurl=file:///usr/share/doc/gcc-4.4/README.Bugs --enable-languages=c,c++,fortran,objc,obj-c++ --prefix=/usr --enable-shared --enable-multiarch --enable-linker-build-id --with-system-zlib --libexecdir=/usr/lib --without-included-gettext --enable-threads=posix --with-gxx-include-dir=/usr/include/c++/4.4 --program-suffix=-4.4 --enable-nls --enable-clocale=gnu --enable-libstdcxx-debug --enable-plugin --enable-objc-gc --enable-targets=all --disable-werror --with-arch-32=i486 --with-tune=generic --enable-checking=release --build=i486-linux-gnu --host=i486-linux-gnu --target=i486-linux-gnu
Thread model: posix
gcc version 4.4.3 (Ubuntu 4.4.3-4ubuntu5) 
configure:4175: $? = 0
configure:4164: g++ -V >&5
g++: '-V' option must have argument
configure:4175: $? = 1
configure:4164: g++ -qversion >&5
g++: unrecognized option '-qversion'
g++: no input files
configure:4175: $? = 1
configure:4179: checking whether we are using the GNU C++ compiler
configure:4198: g++ -c   conftest.cpp >&5
configure:4198: $? = 0
configure:4207: result: yes
configure:4216: checking whether g++ accepts -g
configure:4236: g++ -c -g  conftest.cpp >&5
configure:4236: $? = 0
configure:4277: result: yes
configure:4302: checking dependency style of g++
configure:4412: result: gcc3
configure:4437: checking dependency style of gcc
configure:4545: result: gcc3
configure:4603: checking for ar
configure:4619: found /usr/bin/ar
configure:4630: result: ar
configure:4695: checking for ranlib
configure:4711: found /usr/bin/ranlib
configure:4722: result: ranlib
configure:4748: checking whether to enable maintainer-specific portions of Makefiles
configure:4757: result: no
configure:4990: checking for xlc
configure:5008: gcc -c  -g -mno-tls-direct-seg-refs  -DGC_LINUX_THREADS -D_GNU_SOURCE -D_REENTRANT -DUSE_MMAP -DUSE_MUNMAP -D_FILE_OFFSET_BITS=64 -DUSE_COMPILER_TLS conftest.c >&5
conftest.c:19:4: error: #error 
configure:5008: $? = 1
configure: failed program was:
| /* confdefs.h */
| #define PACKAGE_NAME "libgc-mono"
| #define PACKAGE_TARNAME "libgc-mono"
| #define PACKAGE_VERSION "6.6"
| #define PACKAGE_STRING "libgc-mono 6.6"
| #define PACKAGE_BUGREPORT "Hans_Boehm@hp.com"
| #define PACKAGE_URL ""
| #define GC_LINUX_THREADS 1
| #define _REENTRANT 1
| #define PARALLEL_MARK 1
| #define THREAD_LOCAL_ALLOC 1
| /* end confdefs.h.  */
| 
| int
| main ()
| {
| 
|  #ifndef __xlC__
|  # error
|  #endif
| 
|   ;
|   return 0;
| }
configure:5014: result: no
configure:5035: checking for dlopen in -ldl
configure:5060: gcc -o conftest  -g -mno-tls-direct-seg-refs  -DGC_LINUX_THREADS -D_GNU_SOURCE -D_REENTRANT -DUSE_MMAP -DUSE_MUNMAP -D_FILE_OFFSET_BITS=64 -DUSE_COMPILER_TLS  conftest.c -ldl   >&5
configure:5060: $? = 0
configure:5069: result: yes
configure:5129: checking whether to build shared libraries
configure:5170: result: yes
configure:5177: checking which machine-dependent code should be used
configure:5230: result: 
configure:5265: checking for a sed that does not truncate output
configure:5329: result: /bin/sed
configure:5347: checking for grep that handles long lines and -e
configure:5405: result: /bin/grep
configure:5410: checking for egrep
configure:5472: result: /bin/grep -E
configure:5477: checking for fgrep
configure:5539: result: /bin/grep -F
configure:5574: checking for ld used by gcc
configure:5641: result: /usr/bin/ld
configure:5648: checking if the linker (/usr/bin/ld) is GNU ld
configure:5663: result: yes
configure:5675: checking for BSD- or MS-compatible name lister (nm)
configure:5724: result: /usr/bin/nm -B
configure:5842: checking the name lister (/usr/bin/nm -B) interface
configure:5849: gcc -c  -g -mno-tls-direct-seg-refs  -DGC_LINUX_THREADS -D_GNU_SOURCE -D_REENTRANT -DUSE_MMAP -DUSE_MUNMAP -D_FILE_OFFSET_BITS=64 -DUSE_COMPILER_TLS conftest.c >&5
configure:5852: /usr/bin/nm -B "conftest.o"
configure:5855: output
00000000 B some_variable
configure:5862: result: BSD nm
configure:5865: checking whether ln -s works
configure:5869: result: yes
configure:5877: checking the maximum length of command line arguments
configure:5997: result: 1572864
configure:6014: checking whether the shell understands some XSI constructs
configure:6024: result: yes
configure:6028: checking whether the shell understands "+="
configure:6034: result: yes
configure:6069: checking for /usr/bin/ld option to reload object files
configure:6076: result: -r
configure:6145: checking for objdump
configure:6161: found /usr/bin/objdump
configure:6172: result: objdump
configure:6204: checking how to recognize dependent libraries
configure:6400: result: pass_all
configure:6460: checking for ar
configure:6487: result: ar
configure:6565: checking for strip
configure:6581: found /usr/bin/strip
configure:6592: result: strip
configure:6664: checking for ranlib
configure:6691: result: ranlib
configure:6781: checking command to parse /usr/bin/nm -B output from gcc object
configure:6899: gcc -c  -g -mno-tls-direct-seg-refs  -DGC_LINUX_THREADS -D_GNU_SOURCE -D_REENTRANT -DUSE_MMAP -DUSE_MUNMAP -D_FILE_OFFSET_BITS=64 -DUSE_COMPILER_TLS conftest.c >&5
configure:6902: $? = 0
configure:6906: /usr/bin/nm -B conftest.o \| sed -n -e 's/^.*[	 ]\([ABCDGIRSTW][ABCDGIRSTW]*\)[	 ][	 ]*\([_A-Za-z][_A-Za-z0-9]*\)$/\1 \2 \2/p' \> conftest.nm
configure:6909: $? = 0
configure:6963: gcc -o conftest  -g -mno-tls-direct-seg-refs  -DGC_LINUX_THREADS -D_GNU_SOURCE -D_REENTRANT -DUSE_MMAP -DUSE_MUNMAP -D_FILE_OFFSET_BITS=64 -DUSE_COMPILER_TLS  conftest.c conftstm.o >&5
configure:6966: $? = 0
configure:7004: result: ok
configure:7812: checking how to run the C preprocessor
configure:7843: gcc -E  -DGC_LINUX_THREADS -D_GNU_SOURCE -D_REENTRANT -DUSE_MMAP -DUSE_MUNMAP -D_FILE_OFFSET_BITS=64 -DUSE_COMPILER_TLS conftest.c
configure:7843: $? = 0
configure:7857: gcc -E  -DGC_LINUX_THREADS -D_GNU_SOURCE -D_REENTRANT -DUSE_MMAP -DUSE_MUNMAP -D_FILE_OFFSET_BITS=64 -DUSE_COMPILER_TLS conftest.c
conftest.c:13:28: error: ac_nonexistent.h: No such file or directory
configure:7857: $? = 1
configure: failed program was:
| /* confdefs.h */
| #define PACKAGE_NAME "libgc-mono"
| #define PACKAGE_TARNAME "libgc-mono"
| #define PACKAGE_VERSION "6.6"
| #define PACKAGE_STRING "libgc-mono 6.6"
| #define PACKAGE_BUGREPORT "Hans_Boehm@hp.com"
| #define PACKAGE_URL ""
| #define GC_LINUX_THREADS 1
| #define _REENTRANT 1
| #define PARALLEL_MARK 1
| #define THREAD_LOCAL_ALLOC 1
| /* end confdefs.h.  */
| #include <ac_nonexistent.h>
configure:7882: result: gcc -E
configure:7902: gcc -E  -DGC_LINUX_THREADS -D_GNU_SOURCE -D_REENTRANT -DUSE_MMAP -DUSE_MUNMAP -D_FILE_OFFSET_BITS=64 -DUSE_COMPILER_TLS conftest.c
configure:7902: $? = 0
configure:7916: gcc -E  -DGC_LINUX_THREADS -D_GNU_SOURCE -D_REENTRANT -DUSE_MMAP -DUSE_MUNMAP -D_FILE_OFFSET_BITS=64 -DUSE_COMPILER_TLS conftest.c
conftest.c:13:28: error: ac_nonexistent.h: No such file or directory
configure:7916: $? = 1
configure: failed program was:
| /* confdefs.h */
| #define PACKAGE_NAME "libgc-mono"
| #define PACKAGE_TARNAME "libgc-mono"
| #define PACKAGE_VERSION "6.6"
| #define PACKAGE_STRING "libgc-mono 6.6"
| #define PACKAGE_BUGREPORT "Hans_Boehm@hp.com"
| #define PACKAGE_URL ""
| #define GC_LINUX_THREADS 1
| #define _REENTRANT 1
| #define PARALLEL_MARK 1
| #define THREAD_LOCAL_ALLOC 1
| /* end confdefs.h.  */
| #include <ac_nonexistent.h>
configure:7945: checking for ANSI C header files
configure:7965: gcc -c  -g -mno-tls-direct-seg-refs  -DGC_LINUX_THREADS -D_GNU_SOURCE -D_REENTRANT -DUSE_MMAP -DUSE_MUNMAP -D_FILE_OFFSET_BITS=64 -DUSE_COMPILER_TLS conftest.c >&5
configure:7965: $? = 0
configure:8038: gcc -o conftest  -g -mno-tls-direct-seg-refs  -DGC_LINUX_THREADS -D_GNU_SOURCE -D_REENTRANT -DUSE_MMAP -DUSE_MUNMAP -D_FILE_OFFSET_BITS=64 -DUSE_COMPILER_TLS  conftest.c  >&5
configure:8038: $? = 0
configure:8038: ./conftest
configure:8038: $? = 0
configure:8049: result: yes
configure:8062: checking for sys/types.h
configure:8062: gcc -c  -g -mno-tls-direct-seg-refs  -DGC_LINUX_THREADS -D_GNU_SOURCE -D_REENTRANT -DUSE_MMAP -DUSE_MUNMAP -D_FILE_OFFSET_BITS=64 -DUSE_COMPILER_TLS conftest.c >&5
configure:8062: $? = 0
configure:8062: result: yes
configure:8062: checking for sys/stat.h
configure:8062: gcc -c  -g -mno-tls-direct-seg-refs  -DGC_LINUX_THREADS -D_GNU_SOURCE -D_REENTRANT -DUSE_MMAP -DUSE_MUNMAP -D_FILE_OFFSET_BITS=64 -DUSE_COMPILER_TLS conftest.c >&5
configure:8062: $? = 0
configure:8062: result: yes
configure:8062: checking for stdlib.h
configure:8062: gcc -c  -g -mno-tls-direct-seg-refs  -DGC_LINUX_THREADS -D_GNU_SOURCE -D_REENTRANT -DUSE_MMAP -DUSE_MUNMAP -D_FILE_OFFSET_BITS=64 -DUSE_COMPILER_TLS conftest.c >&5
configure:8062: $? = 0
configure:8062: result: yes
configure:8062: checking for string.h
configure:8062: gcc -c  -g -mno-tls-direct-seg-refs  -DGC_LINUX_THREADS -D_GNU_SOURCE -D_REENTRANT -DUSE_MMAP -DUSE_MUNMAP -D_FILE_OFFSET_BITS=64 -DUSE_COMPILER_TLS conftest.c >&5
configure:8062: $? = 0
configure:8062: result: yes
configure:8062: checking for memory.h
configure:8062: gcc -c  -g -mno-tls-direct-seg-refs  -DGC_LINUX_THREADS -D_GNU_SOURCE -D_REENTRANT -DUSE_MMAP -DUSE_MUNMAP -D_FILE_OFFSET_BITS=64 -DUSE_COMPILER_TLS conftest.c >&5
configure:8062: $? = 0
configure:8062: result: yes
configure:8062: checking for strings.h
configure:8062: gcc -c  -g -mno-tls-direct-seg-refs  -DGC_LINUX_THREADS -D_GNU_SOURCE -D_REENTRANT -DUSE_MMAP -DUSE_MUNMAP -D_FILE_OFFSET_BITS=64 -DUSE_COMPILER_TLS conftest.c >&5
configure:8062: $? = 0
configure:8062: result: yes
configure:8062: checking for inttypes.h
configure:8062: gcc -c  -g -mno-tls-direct-seg-refs  -DGC_LINUX_THREADS -D_GNU_SOURCE -D_REENTRANT -DUSE_MMAP -DUSE_MUNMAP -D_FILE_OFFSET_BITS=64 -DUSE_COMPILER_TLS conftest.c >&5
configure:8062: $? = 0
configure:8062: result: yes
configure:8062: checking for stdint.h
configure:8062: gcc -c  -g -mno-tls-direct-seg-refs  -DGC_LINUX_THREADS -D_GNU_SOURCE -D_REENTRANT -DUSE_MMAP -DUSE_MUNMAP -D_FILE_OFFSET_BITS=64 -DUSE_COMPILER_TLS conftest.c >&5
configure:8062: $? = 0
configure:8062: result: yes
configure:8062: checking for unistd.h
configure:8062: gcc -c  -g -mno-tls-direct-seg-refs  -DGC_LINUX_THREADS -D_GNU_SOURCE -D_REENTRANT -DUSE_MMAP -DUSE_MUNMAP -D_FILE_OFFSET_BITS=64 -DUSE_COMPILER_TLS conftest.c >&5
configure:8062: $? = 0
configure:8062: result: yes
configure:8077: checking for dlfcn.h
configure:8077: gcc -c  -g -mno-tls-direct-seg-refs  -DGC_LINUX_THREADS -D_GNU_SOURCE -D_REENTRANT -DUSE_MMAP -DUSE_MUNMAP -D_FILE_OFFSET_BITS=64 -DUSE_COMPILER_TLS conftest.c >&5
configure:8077: $? = 0
configure:8077: result: yes
configure:8202: checking for C++ compiler version
configure:8211: g++ --version >&5
g++ (Ubuntu 4.4.3-4ubuntu5) 4.4.3
Copyright (C) 2009 Free Software Foundation, Inc.
This is free software; see the source for copying conditions.  There is NO
warranty; not even for MERCHANTABILITY or FITNESS FOR A PARTICULAR PURPOSE.

configure:8222: $? = 0
configure:8211: g++ -v >&5
Using built-in specs.
Target: i486-linux-gnu
Configured with: ../src/configure -v --with-pkgversion='Ubuntu 4.4.3-4ubuntu5' --with-bugurl=file:///usr/share/doc/gcc-4.4/README.Bugs --enable-languages=c,c++,fortran,objc,obj-c++ --prefix=/usr --enable-shared --enable-multiarch --enable-linker-build-id --with-system-zlib --libexecdir=/usr/lib --without-included-gettext --enable-threads=posix --with-gxx-include-dir=/usr/include/c++/4.4 --program-suffix=-4.4 --enable-nls --enable-clocale=gnu --enable-libstdcxx-debug --enable-plugin --enable-objc-gc --enable-targets=all --disable-werror --with-arch-32=i486 --with-tune=generic --enable-checking=release --build=i486-linux-gnu --host=i486-linux-gnu --target=i486-linux-gnu
Thread model: posix
gcc version 4.4.3 (Ubuntu 4.4.3-4ubuntu5) 
configure:8222: $? = 0
configure:8211: g++ -V >&5
g++: '-V' option must have argument
configure:8222: $? = 1
configure:8211: g++ -qversion >&5
g++: unrecognized option '-qversion'
g++: no input files
configure:8222: $? = 1
configure:8226: checking whether we are using the GNU C++ compiler
configure:8254: result: yes
configure:8263: checking whether g++ accepts -g
configure:8324: result: yes
configure:8349: checking dependency style of g++
configure:8459: result: gcc3
configure:8482: checking how to run the C++ preprocessor
configure:8509: g++ -E  -DGC_LINUX_THREADS -D_GNU_SOURCE -D_REENTRANT -DUSE_MMAP -DUSE_MUNMAP -D_FILE_OFFSET_BITS=64 -DUSE_COMPILER_TLS conftest.cpp
configure:8509: $? = 0
configure:8523: g++ -E  -DGC_LINUX_THREADS -D_GNU_SOURCE -D_REENTRANT -DUSE_MMAP -DUSE_MUNMAP -D_FILE_OFFSET_BITS=64 -DUSE_COMPILER_TLS conftest.cpp
conftest.cpp:24:28: error: ac_nonexistent.h: No such file or directory
configure:8523: $? = 1
configure: failed program was:
| /* confdefs.h */
| #define PACKAGE_NAME "libgc-mono"
| #define PACKAGE_TARNAME "libgc-mono"
| #define PACKAGE_VERSION "6.6"
| #define PACKAGE_STRING "libgc-mono 6.6"
| #define PACKAGE_BUGREPORT "Hans_Boehm@hp.com"
| #define PACKAGE_URL ""
| #define GC_LINUX_THREADS 1
| #define _REENTRANT 1
| #define PARALLEL_MARK 1
| #define THREAD_LOCAL_ALLOC 1
| #define STDC_HEADERS 1
| #define HAVE_SYS_TYPES_H 1
| #define HAVE_SYS_STAT_H 1
| #define HAVE_STDLIB_H 1
| #define HAVE_STRING_H 1
| #define HAVE_MEMORY_H 1
| #define HAVE_STRINGS_H 1
| #define HAVE_INTTYPES_H 1
| #define HAVE_STDINT_H 1
| #define HAVE_UNISTD_H 1
| #define HAVE_DLFCN_H 1
| /* end confdefs.h.  */
| #include <ac_nonexistent.h>
configure:8548: result: g++ -E
configure:8568: g++ -E  -DGC_LINUX_THREADS -D_GNU_SOURCE -D_REENTRANT -DUSE_MMAP -DUSE_MUNMAP -D_FILE_OFFSET_BITS=64 -DUSE_COMPILER_TLS conftest.cpp
configure:8568: $? = 0
configure:8582: g++ -E  -DGC_LINUX_THREADS -D_GNU_SOURCE -D_REENTRANT -DUSE_MMAP -DUSE_MUNMAP -D_FILE_OFFSET_BITS=64 -DUSE_COMPILER_TLS conftest.cpp
conftest.cpp:24:28: error: ac_nonexistent.h: No such file or directory
configure:8582: $? = 1
configure: failed program was:
| /* confdefs.h */
| #define PACKAGE_NAME "libgc-mono"
| #define PACKAGE_TARNAME "libgc-mono"
| #define PACKAGE_VERSION "6.6"
| #define PACKAGE_STRING "libgc-mono 6.6"
| #define PACKAGE_BUGREPORT "Hans_Boehm@hp.com"
| #define PACKAGE_URL ""
| #define GC_LINUX_THREADS 1
| #define _REENTRANT 1
| #define PARALLEL_MARK 1
| #define THREAD_LOCAL_ALLOC 1
| #define STDC_HEADERS 1
| #define HAVE_SYS_TYPES_H 1
| #define HAVE_SYS_STAT_H 1
| #define HAVE_STDLIB_H 1
| #define HAVE_STRING_H 1
| #define HAVE_MEMORY_H 1
| #define HAVE_STRINGS_H 1
| #define HAVE_INTTYPES_H 1
| #define HAVE_STDINT_H 1
| #define HAVE_UNISTD_H 1
| #define HAVE_DLFCN_H 1
| /* end confdefs.h.  */
| #include <ac_nonexistent.h>
configure:8758: checking for objdir
configure:8773: result: .libs
configure:9065: checking if gcc supports -fno-rtti -fno-exceptions
configure:9083: gcc -c  -g -mno-tls-direct-seg-refs  -DGC_LINUX_THREADS -D_GNU_SOURCE -D_REENTRANT -DUSE_MMAP -DUSE_MUNMAP -D_FILE_OFFSET_BITS=64 -DUSE_COMPILER_TLS -fno-rtti -fno-exceptions conftest.c >&5
cc1: warning: command line option "-fno-rtti" is valid for C++/ObjC++ but not for C
configure:9087: $? = 0
configure:9100: result: no
configure:9120: checking for gcc option to produce PIC
configure:9392: result: -fPIC -DPIC
configure:9404: checking if gcc PIC flag -fPIC -DPIC works
configure:9422: gcc -c  -g -mno-tls-direct-seg-refs  -DGC_LINUX_THREADS -D_GNU_SOURCE -D_REENTRANT -DUSE_MMAP -DUSE_MUNMAP -D_FILE_OFFSET_BITS=64 -DUSE_COMPILER_TLS -fPIC -DPIC -DPIC conftest.c >&5
configure:9426: $? = 0
configure:9439: result: yes
configure:9463: checking if gcc static flag -static works
configure:9491: result: yes
configure:9506: checking if gcc supports -c -o file.o
configure:9527: gcc -c  -g -mno-tls-direct-seg-refs  -DGC_LINUX_THREADS -D_GNU_SOURCE -D_REENTRANT -DUSE_MMAP -DUSE_MUNMAP -D_FILE_OFFSET_BITS=64 -DUSE_COMPILER_TLS -o out/conftest2.o conftest.c >&5
configure:9531: $? = 0
configure:9553: result: yes
configure:9561: checking if gcc supports -c -o file.o
configure:9608: result: yes
configure:9641: checking whether the gcc linker (/usr/bin/ld) supports shared libraries
configure:10632: result: yes
configure:10669: checking whether -lc should be explicitly linked in
configure:10674: gcc -c  -g -mno-tls-direct-seg-refs  -DGC_LINUX_THREADS -D_GNU_SOURCE -D_REENTRANT -DUSE_MMAP -DUSE_MUNMAP -D_FILE_OFFSET_BITS=64 -DUSE_COMPILER_TLS conftest.c >&5
configure:10677: $? = 0
configure:10692: gcc -shared conftest.o  -v -Wl,-soname -Wl,conftest -o conftest 2\>\&1 \| /bin/grep  -lc  \>/dev/null 2\>\&1
configure:10695: $? = 0
configure:10707: result: no
configure:10871: checking dynamic linker characteristics
configure:11304: gcc -o conftest  -g -mno-tls-direct-seg-refs  -DGC_LINUX_THREADS -D_GNU_SOURCE -D_REENTRANT -DUSE_MMAP -DUSE_MUNMAP -D_FILE_OFFSET_BITS=64 -DUSE_COMPILER_TLS  -Wl,-rpath -Wl,/foo conftest.c  >&5
configure:11304: $? = 0
configure:11534: result: GNU/Linux ld.so
configure:11636: checking how to hardcode library paths into programs
configure:11661: result: immediate
configure:12181: checking whether stripping libraries is possible
configure:12186: result: yes
configure:12221: checking if libtool supports shared libraries
configure:12223: result: yes
configure:12226: checking whether to build shared libraries
configure:12247: result: yes
configure:12250: checking whether to build static libraries
configure:12254: result: yes
configure:12404: checking for ld used by g++
configure:12471: result: /usr/bin/ld
configure:12478: checking if the linker (/usr/bin/ld) is GNU ld
configure:12493: result: yes
configure:12548: checking whether the g++ linker (/usr/bin/ld) supports shared libraries
configure:13461: result: yes
configure:13489: g++ -c -g -O2  -DGC_LINUX_THREADS -D_GNU_SOURCE -D_REENTRANT -DUSE_MMAP -DUSE_MUNMAP -D_FILE_OFFSET_BITS=64 -DUSE_COMPILER_TLS conftest.cpp >&5
configure:13492: $? = 0
configure:13674: checking for g++ option to produce PIC
configure:13991: result: -fPIC -DPIC
configure:14000: checking if g++ PIC flag -fPIC -DPIC works
configure:14018: g++ -c -g -O2  -DGC_LINUX_THREADS -D_GNU_SOURCE -D_REENTRANT -DUSE_MMAP -DUSE_MUNMAP -D_FILE_OFFSET_BITS=64 -DUSE_COMPILER_TLS -fPIC -DPIC -DPIC conftest.cpp >&5
configure:14022: $? = 0
configure:14035: result: yes
configure:14056: checking if g++ static flag -static works
configure:14084: result: yes
configure:14096: checking if g++ supports -c -o file.o
configure:14117: g++ -c -g -O2  -DGC_LINUX_THREADS -D_GNU_SOURCE -D_REENTRANT -DUSE_MMAP -DUSE_MUNMAP -D_FILE_OFFSET_BITS=64 -DUSE_COMPILER_TLS -o out/conftest2.o conftest.cpp >&5
configure:14121: $? = 0
configure:14143: result: yes
configure:14148: checking if g++ supports -c -o file.o
configure:14195: result: yes
configure:14225: checking whether the g++ linker (/usr/bin/ld) supports shared libraries
configure:14254: result: yes
configure:14391: checking dynamic linker characteristics
configure:14772: g++ -o conftest -g -O2  -DGC_LINUX_THREADS -D_GNU_SOURCE -D_REENTRANT -DUSE_MMAP -DUSE_MUNMAP -D_FILE_OFFSET_BITS=64 -DUSE_COMPILER_TLS  -Wl,-rpath -Wl,/foo conftest.cpp  >&5
configure:14772: $? = 0
configure:15002: result: GNU/Linux ld.so
configure:15053: checking how to hardcode library paths into programs
configure:15078: result: immediate
configure:15141: checking sys/dg_sys_info.h usability
configure:15141: gcc -c  -g -mno-tls-direct-seg-refs  -DGC_LINUX_THREADS -D_GNU_SOURCE -D_REENTRANT -DUSE_MMAP -DUSE_MUNMAP -D_FILE_OFFSET_BITS=64 -DUSE_COMPILER_TLS conftest.c >&5
conftest.c:58:29: error: sys/dg_sys_info.h: No such file or directory
configure:15141: $? = 1
configure: failed program was:
| /* confdefs.h */
| #define PACKAGE_NAME "libgc-mono"
| #define PACKAGE_TARNAME "libgc-mono"
| #define PACKAGE_VERSION "6.6"
| #define PACKAGE_STRING "libgc-mono 6.6"
| #define PACKAGE_BUGREPORT "Hans_Boehm@hp.com"
| #define PACKAGE_URL ""
| #define GC_LINUX_THREADS 1
| #define _REENTRANT 1
| #define PARALLEL_MARK 1
| #define THREAD_LOCAL_ALLOC 1
| #define STDC_HEADERS 1
| #define HAVE_SYS_TYPES_H 1
| #define HAVE_SYS_STAT_H 1
| #define HAVE_STDLIB_H 1
| #define HAVE_STRING_H 1
| #define HAVE_MEMORY_H 1
| #define HAVE_STRINGS_H 1
| #define HAVE_INTTYPES_H 1
| #define HAVE_STDINT_H 1
| #define HAVE_UNISTD_H 1
| #define HAVE_DLFCN_H 1
| #define LT_OBJDIR ".libs/"
| /* end confdefs.h.  */
| #include <stdio.h>
| #ifdef HAVE_SYS_TYPES_H
| # include <sys/types.h>
| #endif
| #ifdef HAVE_SYS_STAT_H
| # include <sys/stat.h>
| #endif
| #ifdef STDC_HEADERS
| # include <stdlib.h>
| # include <stddef.h>
| #else
| # ifdef HAVE_STDLIB_H
| #  include <stdlib.h>
| # endif
| #endif
| #ifdef HAVE_STRING_H
| # if !defined STDC_HEADERS && defined HAVE_MEMORY_H
| #  include <memory.h>
| # endif
| # include <string.h>
| #endif
| #ifdef HAVE_STRINGS_H
| # include <strings.h>
| #endif
| #ifdef HAVE_INTTYPES_H
| # include <inttypes.h>
| #endif
| #ifdef HAVE_STDINT_H
| # include <stdint.h>
| #endif
| #ifdef HAVE_UNISTD_H
| # include <unistd.h>
| #endif
| #include <sys/dg_sys_info.h>
configure:15141: result: no
configure:15141: checking sys/dg_sys_info.h presence
configure:15141: gcc -E  -DGC_LINUX_THREADS -D_GNU_SOURCE -D_REENTRANT -DUSE_MMAP -DUSE_MUNMAP -D_FILE_OFFSET_BITS=64 -DUSE_COMPILER_TLS conftest.c
conftest.c:25:29: error: sys/dg_sys_info.h: No such file or directory
configure:15141: $? = 1
configure: failed program was:
| /* confdefs.h */
| #define PACKAGE_NAME "libgc-mono"
| #define PACKAGE_TARNAME "libgc-mono"
| #define PACKAGE_VERSION "6.6"
| #define PACKAGE_STRING "libgc-mono 6.6"
| #define PACKAGE_BUGREPORT "Hans_Boehm@hp.com"
| #define PACKAGE_URL ""
| #define GC_LINUX_THREADS 1
| #define _REENTRANT 1
| #define PARALLEL_MARK 1
| #define THREAD_LOCAL_ALLOC 1
| #define STDC_HEADERS 1
| #define HAVE_SYS_TYPES_H 1
| #define HAVE_SYS_STAT_H 1
| #define HAVE_STDLIB_H 1
| #define HAVE_STRING_H 1
| #define HAVE_MEMORY_H 1
| #define HAVE_STRINGS_H 1
| #define HAVE_INTTYPES_H 1
| #define HAVE_STDINT_H 1
| #define HAVE_UNISTD_H 1
| #define HAVE_DLFCN_H 1
| #define LT_OBJDIR ".libs/"
| /* end confdefs.h.  */
| #include <sys/dg_sys_info.h>
configure:15141: result: no
configure:15141: checking for sys/dg_sys_info.h
configure:15141: result: no
configure:15185: checking for threads package to use
configure:15187: result: posix
configure:15190: checking whether Solaris gcc optimization fix is necessary
configure:15213: result: no
configure:15565: creating ./config.status

## ---------------------- ##
## Running config.status. ##
## ---------------------- ##

This file was extended by libgc-mono config.status 6.6, which was
generated by GNU Autoconf 2.65.  Invocation command line was

  CONFIG_FILES    = 
  CONFIG_HEADERS  = 
  CONFIG_LINKS    = 
  CONFIG_COMMANDS = 
  $ ./config.status 

on andrea

config.status:1087: creating Makefile
config.status:1087: creating include/Makefile
config.status:1087: creating include/private/Makefile
config.status:1087: creating doc/Makefile
config.status:1250: executing depfiles commands
config.status:1250: executing libtool commands
config.status:1250: executing default commands

## ---------------- ##
## Cache variables. ##
## ---------------- ##

ac_cv_build=i686-pc-linux-gnu
ac_cv_c_compiler_gnu=yes
ac_cv_cxx_compiler_gnu=yes
ac_cv_env_CCASFLAGS_set=
ac_cv_env_CCASFLAGS_value=
ac_cv_env_CCAS_set=
ac_cv_env_CCAS_value=
ac_cv_env_CCC_set=
ac_cv_env_CCC_value=
ac_cv_env_CC_set=
ac_cv_env_CC_value=
ac_cv_env_CFLAGS_set=
ac_cv_env_CFLAGS_value=
ac_cv_env_CPPFLAGS_set=
ac_cv_env_CPPFLAGS_value=
ac_cv_env_CPP_set=
ac_cv_env_CPP_value=
ac_cv_env_CXXCPP_set=
ac_cv_env_CXXCPP_value=
ac_cv_env_CXXFLAGS_set=
ac_cv_env_CXXFLAGS_value=
ac_cv_env_CXX_set=
ac_cv_env_CXX_value=
ac_cv_env_LDFLAGS_set=
ac_cv_env_LDFLAGS_value=
ac_cv_env_LIBS_set=
ac_cv_env_LIBS_value=
ac_cv_env_build_alias_set=
ac_cv_env_build_alias_value=
ac_cv_env_host_alias_set=
ac_cv_env_host_alias_value=
ac_cv_env_target_alias_set=
ac_cv_env_target_alias_value=
ac_cv_header_dlfcn_h=yes
ac_cv_header_inttypes_h=yes
ac_cv_header_memory_h=yes
ac_cv_header_stdc=yes
ac_cv_header_stdint_h=yes
ac_cv_header_stdlib_h=yes
ac_cv_header_string_h=yes
ac_cv_header_strings_h=yes
ac_cv_header_sys_dg_sys_info_h=no
ac_cv_header_sys_stat_h=yes
ac_cv_header_sys_types_h=yes
ac_cv_header_unistd_h=yes
ac_cv_host=i686-pc-linux-gnu
ac_cv_lib_dl_dlopen=yes
ac_cv_objext=o
ac_cv_path_EGREP='/bin/grep -E'
ac_cv_path_FGREP='/bin/grep -F'
ac_cv_path_GREP=/bin/grep
ac_cv_path_SED=/bin/sed
ac_cv_path_install='/usr/bin/install -c'
ac_cv_path_mkdir=/bin/mkdir
ac_cv_prog_AWK=gawk
ac_cv_prog_CPP='gcc -E'
ac_cv_prog_CXXCPP='g++ -E'
ac_cv_prog_ac_ct_AR=ar
ac_cv_prog_ac_ct_CC=gcc
ac_cv_prog_ac_ct_CXX=g++
ac_cv_prog_ac_ct_OBJDUMP=objdump
ac_cv_prog_ac_ct_RANLIB=ranlib
ac_cv_prog_ac_ct_STRIP=strip
ac_cv_prog_cc_c89=
ac_cv_prog_cc_g=yes
ac_cv_prog_cxx_g=yes
ac_cv_prog_make_make_set=yes
am_cv_CCAS_dependencies_compiler_type=gcc3
am_cv_CC_dependencies_compiler_type=gcc3
am_cv_CXX_dependencies_compiler_type=gcc3
lt_cv_deplibs_check_method=pass_all
lt_cv_file_magic_cmd='$MAGIC_CMD'
lt_cv_file_magic_test_file=
lt_cv_ld_reload_flag=-r
lt_cv_nm_interface='BSD nm'
lt_cv_objdir=.libs
lt_cv_path_LD=/usr/bin/ld
lt_cv_path_LDCXX=/usr/bin/ld
lt_cv_path_NM='/usr/bin/nm -B'
lt_cv_prog_compiler_c_o=yes
lt_cv_prog_compiler_c_o_CXX=yes
lt_cv_prog_compiler_pic_works=yes
lt_cv_prog_compiler_pic_works_CXX=yes
lt_cv_prog_compiler_rtti_exceptions=no
lt_cv_prog_compiler_static_works=yes
lt_cv_prog_compiler_static_works_CXX=yes
lt_cv_prog_gnu_ld=yes
lt_cv_prog_gnu_ldcxx=yes
lt_cv_sys_global_symbol_pipe='sed -n -e '\''s/^.*[	 ]\([ABCDGIRSTW][ABCDGIRSTW]*\)[	 ][	 ]*\([_A-Za-z][_A-Za-z0-9]*\)$/\1 \2 \2/p'\'''
lt_cv_sys_global_symbol_to_c_name_address='sed -n -e '\''s/^: \([^ ]*\) $/  {\"\1\", (void *) 0},/p'\'' -e '\''s/^[ABCDGIRSTW]* \([^ ]*\) \([^ ]*\)$/  {"\2", (void *) \&\2},/p'\'''
lt_cv_sys_global_symbol_to_c_name_address_lib_prefix='sed -n -e '\''s/^: \([^ ]*\) $/  {\"\1\", (void *) 0},/p'\'' -e '\''s/^[ABCDGIRSTW]* \([^ ]*\) \(lib[^ ]*\)$/  {"\2", (void *) \&\2},/p'\'' -e '\''s/^[ABCDGIRSTW]* \([^ ]*\) \([^ ]*\)$/  {"lib\2", (void *) \&\2},/p'\'''
lt_cv_sys_global_symbol_to_cdecl='sed -n -e '\''s/^T .* \(.*\)$/extern int \1();/p'\'' -e '\''s/^[ABCDGIRSTW]* .* \(.*\)$/extern char \1;/p'\'''
lt_cv_sys_max_cmd_len=1572864

## ----------------- ##
## Output variables. ##
## ----------------- ##

ACLOCAL='${SHELL} /home/dev/Desktop/mono-rt/libgc/missing --run aclocal-1.11'
AMDEPBACKSLASH='\'
AMDEP_FALSE='#'
AMDEP_TRUE=''
AMTAR='${SHELL} /home/dev/Desktop/mono-rt/libgc/missing --run tar'
AR='ar'
AUTOCONF='${SHELL} /home/dev/Desktop/mono-rt/libgc/missing --run autoconf'
AUTOHEADER='${SHELL} /home/dev/Desktop/mono-rt/libgc/missing --run autoheader'
AUTOMAKE='${SHELL} /home/dev/Desktop/mono-rt/libgc/missing --run automake-1.11'
AWK='gawk'
CC='gcc'
CCAS='gcc'
CCASDEPMODE='depmode=gcc3'
CCASFLAGS='-g -O2'
CCDEPMODE='depmode=gcc3'
CFLAGS=' -g -mno-tls-direct-seg-refs'
COMPILER_XLC_FALSE=''
COMPILER_XLC_TRUE='#'
CPLUSPLUS_FALSE=''
CPLUSPLUS_TRUE='#'
CPP='gcc -E'
CPPFLAGS=' -DGC_LINUX_THREADS -D_GNU_SOURCE -D_REENTRANT -DUSE_MMAP -DUSE_MUNMAP -D_FILE_OFFSET_BITS=64 -DUSE_COMPILER_TLS'
CXX='g++'
CXXCPP='g++ -E'
CXXDEPMODE='depmode=gcc3'
CXXFLAGS='-g -O2'
CXXINCLUDES=''
CYGPATH_W='echo'
DEFS='-DPACKAGE_NAME=\"libgc-mono\" -DPACKAGE_TARNAME=\"libgc-mono\" -DPACKAGE_VERSION=\"6.6\" -DPACKAGE_STRING=\"libgc-mono\ 6.6\" -DPACKAGE_BUGREPORT=\"Hans_Boehm@hp.com\" -DPACKAGE_URL=\"\" -DGC_LINUX_THREADS=1 -D_REENTRANT=1 -DPARALLEL_MARK=1 -DTHREAD_LOCAL_ALLOC=1 -DSTDC_HEADERS=1 -DHAVE_SYS_TYPES_H=1 -DHAVE_SYS_STAT_H=1 -DHAVE_STDLIB_H=1 -DHAVE_STRING_H=1 -DHAVE_MEMORY_H=1 -DHAVE_STRINGS_H=1 -DHAVE_INTTYPES_H=1 -DHAVE_STDINT_H=1 -DHAVE_UNISTD_H=1 -DHAVE_DLFCN_H=1 -DLT_OBJDIR=\".libs/\" -DSILENT=1 -DNO_SIGNALS=1 -DNO_EXECUTE_PERMISSION=1 -DJAVA_FINALIZATION=1 -DGC_GCJ_SUPPORT=1 -DATOMIC_UNCOLLECTABLE=1 -D_IN_LIBGC=1'
DEPDIR='.deps'
DSYMUTIL=''
DUMPBIN=''
ECHO_C=''
ECHO_N='-n'
ECHO_T=''
EGREP='/bin/grep -E'
EXEEXT=''
EXTRA_TEST_LIBS=''
FGREP='/bin/grep -F'
GC_CFLAGS=''
GC_VERSION=''
GREP='/bin/grep'
INCLUDES='-I./include'
INSTALL_DATA='${INSTALL} -m 644'
INSTALL_PROGRAM='${INSTALL}'
INSTALL_SCRIPT='${INSTALL}'
INSTALL_STRIP_PROGRAM='$(install_sh) -c -s'
LD='/usr/bin/ld'
LDFLAGS=''
LIBOBJS=''
LIBS=''
LIBTOOL='$(SHELL) $(top_builddir)/libtool'
LIPO=''
LN_S='ln -s'
LTLIBOBJS=''
MAINT='#'
MAINTAINER_MODE_FALSE=''
MAINTAINER_MODE_TRUE='#'
MAKEINFO='${SHELL} /home/dev/Desktop/mono-rt/libgc/missing --run makeinfo'
MKDIR_P='/bin/mkdir -p'
MY_CFLAGS=' -g -mno-tls-direct-seg-refs'
NM='/usr/bin/nm -B'
NMEDIT=''
OBJDUMP='objdump'
OBJEXT='o'
OTOOL64=''
OTOOL=''
PACKAGE='libgc-mono'
PACKAGE_BUGREPORT='Hans_Boehm@hp.com'
PACKAGE_NAME='libgc-mono'
PACKAGE_STRING='libgc-mono 6.6'
PACKAGE_TARNAME='libgc-mono'
PACKAGE_URL=''
PACKAGE_VERSION='6.6'
PATH_SEPARATOR=':'
POWERPC_DARWIN_FALSE=''
POWERPC_DARWIN_TRUE='#'
RANLIB='ranlib'
SED='/bin/sed'
SET_MAKE=''
SHELL='/bin/bash'
STRIP='strip'
THREADDLLIBS='-lpthread -ldl'
UNWINDLIBS=''
USE_LIBDIR_FALSE='#'
USE_LIBDIR_TRUE=''
VERSION='6.6'
ac_ct_CC='gcc'
ac_ct_CXX='g++'
ac_ct_DUMPBIN=''
addincludes=''
addlibs=''
addobjs=' mach_dep.lo'
addtests=''
am__EXEEXT_FALSE=''
am__EXEEXT_TRUE='#'
am__fastdepCCAS_FALSE='#'
am__fastdepCCAS_TRUE=''
am__fastdepCC_FALSE='#'
am__fastdepCC_TRUE=''
am__fastdepCXX_FALSE='#'
am__fastdepCXX_TRUE=''
am__include='include'
am__isrc=''
am__leading_dot='.'
am__quote=''
am__tar='${AMTAR} chof - "$$tardir"'
am__untar='${AMTAR} xf -'
bindir='${exec_prefix}/bin'
build='i686-pc-linux-gnu'
build_alias=''
build_cpu='i686'
build_os='linux-gnu'
build_vendor='pc'
datadir='${datarootdir}'
datarootdir='${prefix}/share'
docdir='${datarootdir}/doc/${PACKAGE_TARNAME}'
dvidir='${docdir}'
exec_prefix='${prefix}'
host='i686-pc-linux-gnu'
host_alias=''
host_cpu='i686'
host_os='linux-gnu'
host_vendor='pc'
htmldir='${docdir}'
includedir='${prefix}/include'
infodir='${datarootdir}/info'
install_sh='${SHELL} /home/dev/Desktop/mono-rt/libgc/install-sh'
libdir='${exec_prefix}/lib'
libexecdir='${exec_prefix}/libexec'
localedir='${datarootdir}/locale'
localstatedir='${prefix}/var'
lt_ECHO='echo'
mandir='${datarootdir}/man'
mkdir_p='/bin/mkdir -p'
oldincludedir='/usr/include'
pdfdir='${docdir}'
prefix='/usr/local'
program_transform_name='s,x,x,'
psdir='${docdir}'
sbindir='${exec_prefix}/sbin'
sharedstatedir='${prefix}/com'
sysconfdir='${prefix}/etc'
target_alias=''
target_all='libgc.la'

## ----------- ##
## confdefs.h. ##
## ----------- ##

/* confdefs.h */
#define PACKAGE_NAME "libgc-mono"
#define PACKAGE_TARNAME "libgc-mono"
#define PACKAGE_VERSION "6.6"
#define PACKAGE_STRING "libgc-mono 6.6"
#define PACKAGE_BUGREPORT "Hans_Boehm@hp.com"
#define PACKAGE_URL ""
#define GC_LINUX_THREADS 1
#define _REENTRANT 1
#define PARALLEL_MARK 1
#define THREAD_LOCAL_ALLOC 1
#define STDC_HEADERS 1
#define HAVE_SYS_TYPES_H 1
#define HAVE_SYS_STAT_H 1
#define HAVE_STDLIB_H 1
#define HAVE_STRING_H 1
#define HAVE_MEMORY_H 1
#define HAVE_STRINGS_H 1
#define HAVE_INTTYPES_H 1
#define HAVE_STDINT_H 1
#define HAVE_UNISTD_H 1
#define HAVE_DLFCN_H 1
#define LT_OBJDIR ".libs/"
#define SILENT 1
#define NO_SIGNALS 1
#define NO_EXECUTE_PERMISSION 1
#define JAVA_FINALIZATION 1
#define GC_GCJ_SUPPORT 1
#define ATOMIC_UNCOLLECTABLE 1
#define _IN_LIBGC 1

configure: exit 0
